<?xml version="1.0" encoding="UTF-8"?>
<testng-results ignored="0" total="1" passed="1" failed="0" skipped="0">
  <reporter-output>
  </reporter-output>
  <suite started-at="2021-01-30T11:18:20 IST" name="Default suite" finished-at="2021-01-30T11:18:20 IST" duration-ms="822">
    <groups>
      <group name="cucumber">
        <method signature="AbstractTestNGCucumberTests.feature(cucumber.api.testng.CucumberFeatureWrapper)[pri:0, instance:runner.Test@3c22fc4c]" name="feature" class="cucumber.api.testng.AbstractTestNGCucumberTests"/>
      </group> <!-- cucumber -->
    </groups>
    <test started-at="2021-01-30T11:18:20 IST" name="Default test" finished-at="2021-01-30T11:18:20 IST" duration-ms="822">
      <class name="runner.Test">
        <test-method is-config="true" signature="setUpClass()[pri:0, instance:runner.Test@3c22fc4c]" started-at="2021-01-30T11:18:20 IST" name="setUpClass" finished-at="2021-01-30T11:18:20 IST" duration-ms="348" status="PASS">
          <reporter-output>
          </reporter-output>
        </test-method> <!-- setUpClass -->
        <test-method signature="feature(cucumber.api.testng.CucumberFeatureWrapper)[pri:0, instance:runner.Test@3c22fc4c]" started-at="2021-01-30T11:18:20 IST" name="feature" description="Runs Cucumber Feature" data-provider="features" finished-at="2021-01-30T11:18:20 IST" duration-ms="303" status="PASS">
          <params>
            <param index="0">
              <value>
                <![CDATA[Hook Test]]>
              </value>
            </param>
          </params>
          <reporter-output>
          </reporter-output>
        </test-method> <!-- feature -->
        <test-method is-config="true" signature="tearDownClass()[pri:0, instance:runner.Test@3c22fc4c]" started-at="2021-01-30T11:18:20 IST" name="tearDownClass" finished-at="2021-01-30T11:18:20 IST" duration-ms="12" status="PASS">
          <reporter-output>
          </reporter-output>
        </test-method> <!-- tearDownClass -->
      </class> <!-- runner.Test -->
    </test> <!-- Default test -->
  </suite> <!-- Default suite -->
</testng-results>
